<?xml version="1.0" encoding="UTF-8"?>
<testng-results skipped="0" failed="0" total="1" passed="1">
  <reporter-output>
  </reporter-output>
  <suite name="Guru99_Ebanking" duration-ms="48572" started-at="2020-06-13T17:39:43Z" finished-at="2020-06-13T17:40:31Z">
    <groups>
    </groups>
    <test name="Test" duration-ms="48572" started-at="2020-06-13T17:39:43Z" finished-at="2020-06-13T17:40:31Z">
      <class name="com.inetbanking.Testcases.TC_001_Logintest">
        <test-method status="PASS" signature="setup(java.lang.String)[pri:0, instance:com.inetbanking.Testcases.TC_001_Logintest@d041cf]" name="setup" is-config="true" duration-ms="39729" started-at="2020-06-13T23:09:43Z" finished-at="2020-06-13T23:10:23Z">
          <params>
            <param index="0">
              <value>
                <![CDATA[chrome]]>
              </value>
            </param>
          </params>
          <reporter-output>
          </reporter-output>
        </test-method> <!-- setup -->
        <test-method status="PASS" signature="logintest()[pri:0, instance:com.inetbanking.Testcases.TC_001_Logintest@d041cf]" name="logintest" duration-ms="6616" started-at="2020-06-13T23:10:23Z" finished-at="2020-06-13T23:10:30Z">
          <reporter-output>
          </reporter-output>
        </test-method> <!-- logintest -->
        <test-method status="PASS" signature="teardown()[pri:0, instance:com.inetbanking.Testcases.TC_001_Logintest@d041cf]" name="teardown" is-config="true" duration-ms="1520" started-at="2020-06-13T23:10:30Z" finished-at="2020-06-13T23:10:31Z">
          <reporter-output>
          </reporter-output>
        </test-method> <!-- teardown -->
      </class> <!-- com.inetbanking.Testcases.TC_001_Logintest -->
    </test> <!-- Test -->
  </suite> <!-- Guru99_Ebanking -->
</testng-results>
